{"C:\\Users\\pC gAMER\\Desktop\\desafio-altaa\\src\\components\\EmptyState\\EmptyState.tsx": {"path":"C:\\Users\\pC gAMER\\Desktop\\desafio-altaa\\src\\components\\EmptyState\\EmptyState.tsx","statementMap":{"0":{"start":{"line":3,"column":19},"end":{"line":10,"column":null}},"1":{"start":{"line":4,"column":2},"end":{"line":10,"column":null}}},"fnMap":{"0":{"name":"(anonymous_0)","decl":{"start":{"line":3,"column":19},"end":{"line":3,"column":20}},"loc":{"start":{"line":4,"column":2},"end":{"line":10,"column":null}},"line":4}},"branchMap":{},"s":{"0":1,"1":1},"f":{"0":1},"b":{},"meta":{"lastBranch":0,"lastFunction":1,"lastStatement":2,"seen":{"s:3:19:10:Infinity":0,"f:3:19:3:20":0,"s:4:2:10:Infinity":1}}}
,"C:\\Users\\pC gAMER\\Desktop\\desafio-altaa\\src\\components\\ErrorState\\ErrorState.tsx": {"path":"C:\\Users\\pC gAMER\\Desktop\\desafio-altaa\\src\\components\\ErrorState\\ErrorState.tsx","statementMap":{"0":{"start":{"line":3,"column":19},"end":{"line":16,"column":null}},"1":{"start":{"line":4,"column":2},"end":{"line":16,"column":null}}},"fnMap":{"0":{"name":"(anonymous_0)","decl":{"start":{"line":3,"column":19},"end":{"line":3,"column":20}},"loc":{"start":{"line":4,"column":2},"end":{"line":16,"column":null}},"line":4}},"branchMap":{},"s":{"0":1,"1":1},"f":{"0":1},"b":{},"meta":{"lastBranch":0,"lastFunction":1,"lastStatement":2,"seen":{"s:3:19:16:Infinity":0,"f:3:19:3:20":0,"s:4:2:16:Infinity":1}}}
,"C:\\Users\\pC gAMER\\Desktop\\desafio-altaa\\src\\components\\LoadingSpinner\\LoadingSpinner.tsx": {"path":"C:\\Users\\pC gAMER\\Desktop\\desafio-altaa\\src\\components\\LoadingSpinner\\LoadingSpinner.tsx","statementMap":{"0":{"start":{"line":3,"column":23},"end":{"line":9,"column":null}},"1":{"start":{"line":4,"column":2},"end":{"line":9,"column":null}}},"fnMap":{"0":{"name":"(anonymous_0)","decl":{"start":{"line":3,"column":23},"end":{"line":3,"column":24}},"loc":{"start":{"line":4,"column":2},"end":{"line":9,"column":null}},"line":4}},"branchMap":{},"s":{"0":1,"1":1},"f":{"0":1},"b":{},"meta":{"lastBranch":0,"lastFunction":1,"lastStatement":2,"seen":{"s:3:23:9:Infinity":0,"f:3:23:3:24":0,"s:4:2:9:Infinity":1}}}
,"C:\\Users\\pC gAMER\\Desktop\\desafio-altaa\\src\\components\\Product\\ProductCard\\ProductCard.tsx": {"path":"C:\\Users\\pC gAMER\\Desktop\\desafio-altaa\\src\\components\\Product\\ProductCard\\ProductCard.tsx","statementMap":{"0":{"start":{"line":4,"column":20},"end":{"line":35,"column":null}},"1":{"start":{"line":5,"column":2},"end":{"line":35,"column":null}}},"fnMap":{"0":{"name":"(anonymous_0)","decl":{"start":{"line":4,"column":20},"end":{"line":4,"column":21}},"loc":{"start":{"line":5,"column":2},"end":{"line":35,"column":null}},"line":5}},"branchMap":{},"s":{"0":1,"1":1},"f":{"0":1},"b":{},"meta":{"lastBranch":0,"lastFunction":1,"lastStatement":2,"seen":{"s:4:20:35:Infinity":0,"f:4:20:4:21":0,"s:5:2:35:Infinity":1}}}
,"C:\\Users\\pC gAMER\\Desktop\\desafio-altaa\\src\\components\\Product\\ProductDetail\\ProductDetail.tsx": {"path":"C:\\Users\\pC gAMER\\Desktop\\desafio-altaa\\src\\components\\Product\\ProductDetail\\ProductDetail.tsx","statementMap":{"0":{"start":{"line":4,"column":22},"end":{"line":63,"column":null}},"1":{"start":{"line":5,"column":2},"end":{"line":63,"column":null}},"2":{"start":{"line":33,"column":16},"end":{"line":40,"column":null}}},"fnMap":{"0":{"name":"(anonymous_0)","decl":{"start":{"line":4,"column":22},"end":{"line":4,"column":23}},"loc":{"start":{"line":5,"column":2},"end":{"line":63,"column":null}},"line":5},"1":{"name":"(anonymous_1)","decl":{"start":{"line":32,"column":33},"end":{"line":32,"column":34}},"loc":{"start":{"line":33,"column":16},"end":{"line":40,"column":null}},"line":33}},"branchMap":{"0":{"loc":{"start":{"line":36,"column":20},"end":{"line":38,"column":null}},"type":"cond-expr","locations":[{"start":{"line":37,"column":24},"end":{"line":37,"column":null}},{"start":{"line":38,"column":24},"end":{"line":38,"column":null}}],"line":36}},"s":{"0":1,"1":1,"2":5},"f":{"0":1,"1":5},"b":{"0":[3,2]},"meta":{"lastBranch":1,"lastFunction":2,"lastStatement":3,"seen":{"s:4:22:63:Infinity":0,"f:4:22:4:23":0,"s:5:2:63:Infinity":1,"f:32:33:32:34":1,"s:33:16:40:Infinity":2,"b:37:24:37:Infinity:38:24:38:Infinity":0}}}
,"C:\\Users\\pC gAMER\\Desktop\\desafio-altaa\\src\\hooks\\useCategories\\useCategories.ts": {"path":"C:\\Users\\pC gAMER\\Desktop\\desafio-altaa\\src\\hooks\\useCategories\\useCategories.ts","statementMap":{"0":{"start":{"line":4,"column":22},"end":{"line":24,"column":null}},"1":{"start":{"line":5,"column":34},"end":{"line":5,"column":null}},"2":{"start":{"line":6,"column":28},"end":{"line":6,"column":null}},"3":{"start":{"line":8,"column":2},"end":{"line":21,"column":null}},"4":{"start":{"line":9,"column":28},"end":{"line":18,"column":null}},"5":{"start":{"line":10,"column":6},"end":{"line":17,"column":null}},"6":{"start":{"line":11,"column":21},"end":{"line":11,"column":null}},"7":{"start":{"line":12,"column":8},"end":{"line":12,"column":null}},"8":{"start":{"line":14,"column":8},"end":{"line":14,"column":null}},"9":{"start":{"line":16,"column":8},"end":{"line":16,"column":null}},"10":{"start":{"line":20,"column":4},"end":{"line":20,"column":null}},"11":{"start":{"line":23,"column":2},"end":{"line":23,"column":null}}},"fnMap":{"0":{"name":"(anonymous_0)","decl":{"start":{"line":4,"column":22},"end":{"line":4,"column":28}},"loc":{"start":{"line":4,"column":28},"end":{"line":24,"column":null}},"line":4},"1":{"name":"(anonymous_1)","decl":{"start":{"line":8,"column":12},"end":{"line":8,"column":18}},"loc":{"start":{"line":8,"column":18},"end":{"line":21,"column":5}},"line":8},"2":{"name":"(anonymous_2)","decl":{"start":{"line":9,"column":28},"end":{"line":9,"column":40}},"loc":{"start":{"line":9,"column":40},"end":{"line":18,"column":null}},"line":9}},"branchMap":{},"s":{"0":1,"1":5,"2":5,"3":5,"4":3,"5":3,"6":3,"7":2,"8":1,"9":3,"10":3,"11":5},"f":{"0":5,"1":3,"2":3},"b":{},"meta":{"lastBranch":0,"lastFunction":3,"lastStatement":12,"seen":{"s:4:22:24:Infinity":0,"f:4:22:4:28":0,"s:5:34:5:Infinity":1,"s:6:28:6:Infinity":2,"s:8:2:21:Infinity":3,"f:8:12:8:18":1,"s:9:28:18:Infinity":4,"f:9:28:9:40":2,"s:10:6:17:Infinity":5,"s:11:21:11:Infinity":6,"s:12:8:12:Infinity":7,"s:14:8:14:Infinity":8,"s:16:8:16:Infinity":9,"s:20:4:20:Infinity":10,"s:23:2:23:Infinity":11}}}
,"C:\\Users\\pC gAMER\\Desktop\\desafio-altaa\\src\\hooks\\useFilteredProducts\\useFilteredProducts.ts": {"path":"C:\\Users\\pC gAMER\\Desktop\\desafio-altaa\\src\\hooks\\useFilteredProducts\\useFilteredProducts.ts","statementMap":{"0":{"start":{"line":11,"column":28},"end":{"line":42,"column":null}},"1":{"start":{"line":16,"column":8},"end":{"line":39,"column":null}},"2":{"start":{"line":17,"column":19},"end":{"line":17,"column":null}},"3":{"start":{"line":19,"column":4},"end":{"line":21,"column":null}},"4":{"start":{"line":20,"column":6},"end":{"line":20,"column":null}},"5":{"start":{"line":20,"column":40},"end":{"line":20,"column":71}},"6":{"start":{"line":23,"column":19},"end":{"line":36,"column":null}},"7":{"start":{"line":24,"column":6},"end":{"line":35,"column":null}},"8":{"start":{"line":26,"column":10},"end":{"line":26,"column":null}},"9":{"start":{"line":28,"column":10},"end":{"line":28,"column":null}},"10":{"start":{"line":30,"column":10},"end":{"line":30,"column":null}},"11":{"start":{"line":32,"column":10},"end":{"line":32,"column":null}},"12":{"start":{"line":34,"column":10},"end":{"line":34,"column":null}},"13":{"start":{"line":38,"column":4},"end":{"line":38,"column":null}},"14":{"start":{"line":41,"column":2},"end":{"line":41,"column":null}}},"fnMap":{"0":{"name":"(anonymous_0)","decl":{"start":{"line":11,"column":28},"end":{"line":11,"column":29}},"loc":{"start":{"line":15,"column":33},"end":{"line":42,"column":null}},"line":15},"1":{"name":"(anonymous_1)","decl":{"start":{"line":16,"column":44},"end":{"line":16,"column":50}},"loc":{"start":{"line":16,"column":50},"end":{"line":39,"column":5}},"line":16},"2":{"name":"(anonymous_2)","decl":{"start":{"line":20,"column":33},"end":{"line":20,"column":34}},"loc":{"start":{"line":20,"column":40},"end":{"line":20,"column":71}},"line":20},"3":{"name":"(anonymous_3)","decl":{"start":{"line":23,"column":38},"end":{"line":23,"column":39}},"loc":{"start":{"line":23,"column":48},"end":{"line":36,"column":5}},"line":23}},"branchMap":{"0":{"loc":{"start":{"line":19,"column":4},"end":{"line":21,"column":null}},"type":"if","locations":[{"start":{"line":19,"column":4},"end":{"line":21,"column":null}},{"start":{},"end":{}}],"line":19},"1":{"loc":{"start":{"line":24,"column":6},"end":{"line":35,"column":null}},"type":"switch","locations":[{"start":{"line":25,"column":8},"end":{"line":26,"column":null}},{"start":{"line":27,"column":8},"end":{"line":28,"column":null}},{"start":{"line":29,"column":8},"end":{"line":30,"column":null}},{"start":{"line":31,"column":8},"end":{"line":32,"column":null}},{"start":{"line":33,"column":8},"end":{"line":34,"column":null}}],"line":24}},"s":{"0":1,"1":6,"2":6,"3":6,"4":1,"5":3,"6":6,"7":20,"8":3,"9":4,"10":9,"11":4,"12":0,"13":6,"14":6},"f":{"0":6,"1":6,"2":3,"3":20},"b":{"0":[1,5],"1":[3,4,9,4,0]},"meta":{"lastBranch":2,"lastFunction":4,"lastStatement":15,"seen":{"s:11:28:42:Infinity":0,"f:11:28:11:29":0,"s:16:8:39:Infinity":1,"f:16:44:16:50":1,"s:17:19:17:Infinity":2,"b:19:4:21:Infinity:undefined:undefined:undefined:undefined":0,"s:19:4:21:Infinity":3,"s:20:6:20:Infinity":4,"f:20:33:20:34":2,"s:20:40:20:71":5,"s:23:19:36:Infinity":6,"f:23:38:23:39":3,"b:25:8:26:Infinity:27:8:28:Infinity:29:8:30:Infinity:31:8:32:Infinity:33:8:34:Infinity":1,"s:24:6:35:Infinity":7,"s:26:10:26:Infinity":8,"s:28:10:28:Infinity":9,"s:30:10:30:Infinity":10,"s:32:10:32:Infinity":11,"s:34:10:34:Infinity":12,"s:38:4:38:Infinity":13,"s:41:2:41:Infinity":14}}}
,"C:\\Users\\pC gAMER\\Desktop\\desafio-altaa\\src\\hooks\\useProducts\\useProducts.ts": {"path":"C:\\Users\\pC gAMER\\Desktop\\desafio-altaa\\src\\hooks\\useProducts\\useProducts.ts","statementMap":{"0":{"start":{"line":5,"column":20},"end":{"line":25,"column":null}},"1":{"start":{"line":6,"column":30},"end":{"line":6,"column":null}},"2":{"start":{"line":7,"column":28},"end":{"line":7,"column":null}},"3":{"start":{"line":9,"column":2},"end":{"line":22,"column":null}},"4":{"start":{"line":10,"column":28},"end":{"line":19,"column":null}},"5":{"start":{"line":11,"column":6},"end":{"line":18,"column":null}},"6":{"start":{"line":12,"column":21},"end":{"line":12,"column":null}},"7":{"start":{"line":13,"column":8},"end":{"line":13,"column":null}},"8":{"start":{"line":15,"column":8},"end":{"line":15,"column":null}},"9":{"start":{"line":17,"column":8},"end":{"line":17,"column":null}},"10":{"start":{"line":21,"column":4},"end":{"line":21,"column":null}},"11":{"start":{"line":24,"column":2},"end":{"line":24,"column":null}}},"fnMap":{"0":{"name":"(anonymous_0)","decl":{"start":{"line":5,"column":20},"end":{"line":5,"column":26}},"loc":{"start":{"line":5,"column":26},"end":{"line":25,"column":null}},"line":5},"1":{"name":"(anonymous_1)","decl":{"start":{"line":9,"column":12},"end":{"line":9,"column":18}},"loc":{"start":{"line":9,"column":18},"end":{"line":22,"column":5}},"line":9},"2":{"name":"(anonymous_2)","decl":{"start":{"line":10,"column":28},"end":{"line":10,"column":40}},"loc":{"start":{"line":10,"column":40},"end":{"line":19,"column":null}},"line":10}},"branchMap":{},"s":{"0":1,"1":5,"2":5,"3":5,"4":3,"5":3,"6":3,"7":2,"8":1,"9":3,"10":3,"11":5},"f":{"0":5,"1":3,"2":3},"b":{},"meta":{"lastBranch":0,"lastFunction":3,"lastStatement":12,"seen":{"s:5:20:25:Infinity":0,"f:5:20:5:26":0,"s:6:30:6:Infinity":1,"s:7:28:7:Infinity":2,"s:9:2:22:Infinity":3,"f:9:12:9:18":1,"s:10:28:19:Infinity":4,"f:10:28:10:40":2,"s:11:6:18:Infinity":5,"s:12:21:12:Infinity":6,"s:13:8:13:Infinity":7,"s:15:8:15:Infinity":8,"s:17:8:17:Infinity":9,"s:21:4:21:Infinity":10,"s:24:2:24:Infinity":11}}}
,"C:\\Users\\pC gAMER\\Desktop\\desafio-altaa\\src\\mocks\\category.mock.ts": {"path":"C:\\Users\\pC gAMER\\Desktop\\desafio-altaa\\src\\mocks\\category.mock.ts","statementMap":{"0":{"start":{"line":1,"column":23},"end":{"line":1,"column":null}}},"fnMap":{},"branchMap":{},"s":{"0":1},"f":{},"b":{},"meta":{"lastBranch":0,"lastFunction":0,"lastStatement":1,"seen":{"s:1:23:1:Infinity":0}}}
,"C:\\Users\\pC gAMER\\Desktop\\desafio-altaa\\src\\mocks\\product.mock.ts": {"path":"C:\\Users\\pC gAMER\\Desktop\\desafio-altaa\\src\\mocks\\product.mock.ts","statementMap":{"0":{"start":{"line":3,"column":35},"end":{"line":11,"column":null}},"1":{"start":{"line":13,"column":32},"end":{"line":41,"column":null}}},"fnMap":{},"branchMap":{},"s":{"0":4,"1":4},"f":{},"b":{},"meta":{"lastBranch":0,"lastFunction":0,"lastStatement":2,"seen":{"s:3:35:11:Infinity":0,"s:13:32:41:Infinity":1}}}
}
