{"C:\\Users\\pC gAMER\\Desktop\\desafio-altaa\\src\\components\\ErrorState\\ErrorState.tsx": {"path":"C:\\Users\\pC gAMER\\Desktop\\desafio-altaa\\src\\components\\ErrorState\\ErrorState.tsx","statementMap":{"0":{"start":{"line":3,"column":19},"end":{"line":16,"column":null}},"1":{"start":{"line":4,"column":2},"end":{"line":16,"column":null}}},"fnMap":{"0":{"name":"(anonymous_0)","decl":{"start":{"line":3,"column":19},"end":{"line":3,"column":20}},"loc":{"start":{"line":4,"column":2},"end":{"line":16,"column":null}},"line":4}},"branchMap":{},"s":{"0":1,"1":1},"f":{"0":1},"b":{},"meta":{"lastBranch":0,"lastFunction":1,"lastStatement":2,"seen":{"s:3:19:16:Infinity":0,"f:3:19:3:20":0,"s:4:2:16:Infinity":1}}}
}
